SF:lib\main.dart
DA:5,0
DA:6,0
DA:10,2
DA:12,1
DA:14,1
DA:17,1
DA:25,1
DA:27,1
DA:28,1
DA:36,1
DA:38,1
DA:40,2
DA:43,1
DA:44,1
DA:45,1
DA:48,1
DA:50,1
DA:51,1
DA:52,1
DA:53,2
DA:56,0
DA:57,0
DA:59,0
DA:64,0
DA:65,0
DA:66,0
DA:67,0
DA:68,0
DA:69,0
DA:71,0
DA:89,0
DA:90,0
DA:91,0
DA:92,0
DA:101,0
DA:102,0
DA:111,0
DA:113,0
DA:119,0
DA:120,0
DA:123,0
DA:125,0
DA:127,0
DA:132,0
DA:134,0
DA:135,0
DA:136,0
DA:145,0
DA:146,0
DA:149,0
DA:150,0
DA:151,0
DA:153,0
DA:162,0
DA:163,0
DA:164,0
DA:166,0
DA:167,0
DA:168,0
DA:169,0
DA:170,0
DA:173,0
DA:179,0
DA:183,0
DA:189,0
DA:191,0
DA:192,0
DA:193,0
DA:202,0
DA:203,0
DA:205,0
DA:210,0
DA:212,0
DA:213,0
DA:214,0
DA:222,0
DA:223,0
DA:224,0
DA:225,0
DA:228,0
DA:229,0
DA:230,0
DA:231,0
DA:232,0
DA:238,0
DA:242,0
DA:254,0
DA:256,0
DA:258,0
DA:259,0
DA:261,0
DA:264,0
DA:266,0
DA:267,0
DA:269,0
DA:275,0
DA:276,0
DA:278,0
DA:279,0
DA:281,0
DA:282,0
DA:283,0
DA:320,0
DA:321,0
DA:323,0
DA:328,0
DA:331,0
DA:334,0
LF:108
LH:18
end_of_record
SF:lib\database\create_db.dart
DA:5,3
DA:12,1
DA:15,1
DA:16,1
DA:20,1
DA:24,1
DA:29,1
DA:30,1
DA:31,0
DA:33,0
DA:36,0
DA:41,0
DA:43,0
DA:54,0
DA:69,0
DA:70,0
DA:71,0
LF:17
LH:8
end_of_record
SF:lib\formulario\turno_form_dialog.dart
DA:4,1
DA:6,0
DA:7,0
DA:19,0
DA:22,0
DA:23,0
DA:24,0
DA:25,0
DA:26,0
DA:29,0
DA:31,0
DA:33,0
DA:34,0
DA:35,0
DA:36,0
DA:38,0
DA:39,0
DA:40,0
DA:45,0
DA:46,0
DA:52,0
DA:53,0
DA:58,0
DA:59,0
DA:65,0
DA:66,0
DA:72,0
DA:73,0
DA:79,0
DA:80,0
DA:86,0
DA:87,0
DA:97,0
DA:98,0
DA:99,0
DA:100,0
DA:101,0
DA:104,0
DA:107,0
DA:113,0
DA:114,0
DA:115,0
DA:116,0
LF:43
LH:1
end_of_record
